# JRE version: OpenJDK Runtime Environment (8.0_202-b03) (build 1.8.0_202-release-1483-b03)
# Java VM: OpenJDK 64-Bit Server VM (25.202-b03 mixed mode windows-amd64 compressed oops)
Heap:
 PSYoungGen      total 176640K, used 25056K [0x00000000e0000000, 0x00000000ee580000, 0x0000000100000000)
  eden space 153088K, 5% used [0x00000000e0000000,0x00000000e0842758,0x00000000e9580000)
  from space 23552K, 70% used [0x00000000e9580000,0x00000000ea5b5a88,0x00000000eac80000)
  to   space 24576K, 0% used [0x00000000eac80000,0x00000000eac80000,0x00000000ec480000)
 ParOldGen       total 238080K, used 58480K [0x00000000a0000000, 0x00000000ae880000, 0x00000000e0000000)
  object space 238080K, 24% used [0x00000000a0000000,0x00000000a391c140,0x00000000ae880000)
 Metaspace       used 73472K, capacity 76770K, committed 77080K, reserved 1116160K
  class space    used 9853K, capacity 10519K, committed 10536K, reserved 1048576K
GC Heap History (10 events):
Event: 6.256 GC heap before
{Heap before GC invocations=12 (full 2):
 PSYoungGen      total 144384K, used 21398K [0x00000000e0000000, 0x00000000ec480000, 0x0000000100000000)
  eden space 125440K, 1% used [0x00000000e0000000,0x00000000e026c870,0x00000000e7a80000)
  from space 18944K, 99% used [0x00000000e7a80000,0x00000000e8cf9340,0x00000000e8d00000)
  to   space 24576K, 0% used [0x00000000eac80000,0x00000000eac80000,0x00000000ec480000)
 ParOldGen       total 190464K, used 30328K [0x00000000a0000000, 0x00000000aba00000, 0x00000000e0000000)
  object space 190464K, 15% used [0x00000000a0000000,0x00000000a1d9e248,0x00000000aba00000)
 Metaspace       used 57263K, capacity 59070K, committed 59160K, reserved 1099776K
  class space    used 7765K, capacity 8190K, committed 8232K, reserved 1048576K
Event: 6.270 GC heap after
Heap after GC invocations=12 (full 2):
 PSYoungGen      total 177664K, used 11328K [0x00000000e0000000, 0x00000000ee580000, 0x0000000100000000)
  eden space 153088K, 0% used [0x00000000e0000000,0x00000000e0000000,0x00000000e9580000)
  from space 24576K, 46% used [0x00000000eac80000,0x00000000eb790040,0x00000000ec480000)
  to   space 23552K, 0% used [0x00000000e9580000,0x00000000e9580000,0x00000000eac80000)
 ParOldGen       total 190464K, used 38040K [0x00000000a0000000, 0x00000000aba00000, 0x00000000e0000000)
  object space 190464K, 19% used [0x00000000a0000000,0x00000000a2526030,0x00000000aba00000)
 Metaspace       used 57263K, capacity 59070K, committed 59160K, reserved 1099776K
  class space    used 7765K, capacity 8190K, committed 8232K, reserved 1048576K
}
Event: 6.270 GC heap before
{Heap before GC invocations=13 (full 3):
 PSYoungGen      total 177664K, used 11328K [0x00000000e0000000, 0x00000000ee580000, 0x0000000100000000)
  eden space 153088K, 0% used [0x00000000e0000000,0x00000000e0000000,0x00000000e9580000)
  from space 24576K, 46% used [0x00000000eac80000,0x00000000eb790040,0x00000000ec480000)
  to   space 23552K, 0% used [0x00000000e9580000,0x00000000e9580000,0x00000000eac80000)
 ParOldGen       total 190464K, used 38040K [0x00000000a0000000, 0x00000000aba00000, 0x00000000e0000000)
  object space 190464K, 19% used [0x00000000a0000000,0x00000000a2526030,0x00000000aba00000)
 Metaspace       used 57263K, capacity 59070K, committed 59160K, reserved 1099776K
  class space    used 7765K, capacity 8190K, committed 8232K, reserved 1048576K
Event: 6.465 GC heap after
Heap after GC invocations=13 (full 3):
 PSYoungGen      total 177664K, used 0K [0x00000000e0000000, 0x00000000ee580000, 0x0000000100000000)
  eden space 153088K, 0% used [0x00000000e0000000,0x00000000e0000000,0x00000000e9580000)
  from space 24576K, 0% used [0x00000000eac80000,0x00000000eac80000,0x00000000ec480000)
  to   space 23552K, 0% used [0x00000000e9580000,0x00000000e9580000,0x00000000eac80000)
 ParOldGen       total 238080K, used 35847K [0x00000000a0000000, 0x00000000ae880000, 0x00000000e0000000)
  object space 238080K, 15% used [0x00000000a0000000,0x00000000a2301fc0,0x00000000ae880000)
 Metaspace       used 57242K, capacity 58998K, committed 59160K, reserved 1099776K
  class space    used 7759K, capacity 8178K, committed 8232K, reserved 1048576K
}
Event: 7.475 GC heap before
{Heap before GC invocations=14 (full 3):
 PSYoungGen      total 177664K, used 153088K [0x00000000e0000000, 0x00000000ee580000, 0x0000000100000000)
  eden space 153088K, 100% used [0x00000000e0000000,0x00000000e9580000,0x00000000e9580000)
  from space 24576K, 0% used [0x00000000eac80000,0x00000000eac80000,0x00000000ec480000)
  to   space 23552K, 0% used [0x00000000e9580000,0x00000000e9580000,0x00000000eac80000)
 ParOldGen       total 238080K, used 35847K [0x00000000a0000000, 0x00000000ae880000, 0x00000000e0000000)
  object space 238080K, 15% used [0x00000000a0000000,0x00000000a2301fc0,0x00000000ae880000)
 Metaspace       used 61565K, capacity 63816K, committed 64024K, reserved 1103872K
  class space    used 8421K, capacity 8952K, committed 9000K, reserved 1048576K
Event: 7.484 GC heap after
Heap after GC invocations=14 (full 3):
 PSYoungGen      total 176640K, used 12757K [0x00000000e0000000, 0x00000000ee580000, 0x0000000100000000)
  eden space 153088K, 0% used [0x00000000e0000000,0x00000000e0000000,0x00000000e9580000)
  from space 23552K, 54% used [0x00000000e9580000,0x00000000ea1f5498,0x00000000eac80000)
  to   space 24576K, 0% used [0x00000000eac80000,0x00000000eac80000,0x00000000ec480000)
 ParOldGen       total 238080K, used 35855K [0x00000000a0000000, 0x00000000ae880000, 0x00000000e0000000)
  object space 238080K, 15% used [0x00000000a0000000,0x00000000a2303fc0,0x00000000ae880000)
 Metaspace       used 61565K, capacity 63816K, committed 64024K, reserved 1103872K
  class space    used 8421K, capacity 8952K, committed 9000K, reserved 1048576K
}
Event: 8.447 GC heap before
{Heap before GC invocations=15 (full 3):
 PSYoungGen      total 176640K, used 165845K [0x00000000e0000000, 0x00000000ee580000, 0x0000000100000000)
  eden space 153088K, 100% used [0x00000000e0000000,0x00000000e9580000,0x00000000e9580000)
  from space 23552K, 54% used [0x00000000e9580000,0x00000000ea1f5498,0x00000000eac80000)
  to   space 24576K, 0% used [0x00000000eac80000,0x00000000eac80000,0x00000000ec480000)
 ParOldGen       total 238080K, used 35855K [0x00000000a0000000, 0x00000000ae880000, 0x00000000e0000000)
  object space 238080K, 15% used [0x00000000a0000000,0x00000000a2303fc0,0x00000000ae880000)
 Metaspace       used 65557K, capacity 68196K, committed 68248K, reserved 1107968K
  class space    used 9047K, capacity 9590K, committed 9640K, reserved 1048576K
Event: 8.459 GC heap after
Heap after GC invocations=15 (full 3):
 PSYoungGen      total 177664K, used 16082K [0x00000000e0000000, 0x00000000ee580000, 0x0000000100000000)
  eden space 153088K, 0% used [0x00000000e0000000,0x00000000e0000000,0x00000000e9580000)
  from space 24576K, 65% used [0x00000000eac80000,0x00000000ebc34ac0,0x00000000ec480000)
  to   space 23552K, 0% used [0x00000000e9580000,0x00000000e9580000,0x00000000eac80000)
 ParOldGen       total 238080K, used 46304K [0x00000000a0000000, 0x00000000ae880000, 0x00000000e0000000)
  object space 238080K, 19% used [0x00000000a0000000,0x00000000a2d38090,0x00000000ae880000)
 Metaspace       used 65557K, capacity 68196K, committed 68248K, reserved 1107968K
  class space    used 9047K, capacity 9590K, committed 9640K, reserved 1048576K
}
Event: 11.820 GC heap before
{Heap before GC invocations=16 (full 3):
 PSYoungGen      total 177664K, used 169170K [0x00000000e0000000, 0x00000000ee580000, 0x0000000100000000)
  eden space 153088K, 100% used [0x00000000e0000000,0x00000000e9580000,0x00000000e9580000)
  from space 24576K, 65% used [0x00000000eac80000,0x00000000ebc34ac0,0x00000000ec480000)
  to   space 23552K, 0% used [0x00000000e9580000,0x00000000e9580000,0x00000000eac80000)
 ParOldGen       total 238080K, used 46304K [0x00000000a0000000, 0x00000000ae880000, 0x00000000e0000000)
  object space 238080K, 19% used [0x00000000a0000000,0x00000000a2d38090,0x00000000ae880000)
 Metaspace       used 73417K, capacity 76770K, committed 77080K, reserved 1116160K
  class space    used 9852K, capacity 10519K, committed 10536K, reserved 1048576K
Event: 11.841 GC heap after
Heap after GC invocations=16 (full 3):
 PSYoungGen      total 176640K, used 16598K [0x00000000e0000000, 0x00000000ee580000, 0x0000000100000000)
  eden space 153088K, 0% used [0x00000000e0000000,0x00000000e0000000,0x00000000e9580000)
  from space 23552K, 70% used [0x00000000e9580000,0x00000000ea5b5a88,0x00000000eac80000)
  to   space 24576K, 0% used [0x00000000eac80000,0x00000000eac80000,0x00000000ec480000)
 ParOldGen       total 238080K, used 58480K [0x00000000a0000000, 0x00000000ae880000, 0x00000000e0000000)
  object space 238080K, 24% used [0x00000000a0000000,0x00000000a391c140,0x00000000ae880000)
 Metaspace       used 73417K, capacity 76770K, committed 77080K, reserved 1116160K
  class space    used 9852K, capacity 10519K, committed 10536K, reserved 1048576K
}

