# JRE version: OpenJDK Runtime Environment (8.0_202-b03) (build 1.8.0_202-release-1483-b03)
# Java VM: OpenJDK 64-Bit Server VM (25.202-b03 mixed mode windows-amd64 compressed oops)
Heap:
 PSYoungGen      total 191488K, used 19281K [0x00000000e0000000, 0x00000000ef200000, 0x0000000100000000)
  eden space 173056K, 11% used [0x00000000e0000000,0x00000000e12d4708,0x00000000ea900000)
  from space 18432K, 0% used [0x00000000ebe00000,0x00000000ebe00000,0x00000000ed000000)
  to   space 21504K, 0% used [0x00000000ea900000,0x00000000ea900000,0x00000000ebe00000)
 ParOldGen       total 255488K, used 38928K [0x00000000a0000000, 0x00000000af980000, 0x00000000e0000000)
  object space 255488K, 15% used [0x00000000a0000000,0x00000000a2604330,0x00000000af980000)
 Metaspace       used 58844K, capacity 60544K, committed 60732K, reserved 1101824K
  class space    used 8031K, capacity 8423K, committed 8448K, reserved 1048576K
GC Heap History (10 events):
Event: 4.223 GC heap before
{Heap before GC invocations=9 (full 2):
 PSYoungGen      total 111616K, used 11420K [0x00000000e0000000, 0x00000000ebe00000, 0x0000000100000000)
  eden space 97792K, 0% used [0x00000000e0000000,0x00000000e0000000,0x00000000e5f80000)
  from space 13824K, 82% used [0x00000000e5f80000,0x00000000e6aa7060,0x00000000e6d00000)
  to   space 14336K, 0% used [0x00000000eb000000,0x00000000eb000000,0x00000000ebe00000)
 ParOldGen       total 111104K, used 11702K [0x00000000a0000000, 0x00000000a6c80000, 0x00000000e0000000)
  object space 111104K, 10% used [0x00000000a0000000,0x00000000a0b6d8a8,0x00000000a6c80000)
 Metaspace       used 34785K, capacity 35628K, committed 35748K, reserved 1081344K
  class space    used 4761K, capacity 4957K, committed 4992K, reserved 1048576K
Event: 4.286 GC heap after
Heap after GC invocations=9 (full 2):
 PSYoungGen      total 111616K, used 0K [0x00000000e0000000, 0x00000000ebe00000, 0x0000000100000000)
  eden space 97792K, 0% used [0x00000000e0000000,0x00000000e0000000,0x00000000e5f80000)
  from space 13824K, 0% used [0x00000000e5f80000,0x00000000e5f80000,0x00000000e6d00000)
  to   space 14336K, 0% used [0x00000000eb000000,0x00000000eb000000,0x00000000ebe00000)
 ParOldGen       total 169472K, used 18365K [0x00000000a0000000, 0x00000000aa580000, 0x00000000e0000000)
  object space 169472K, 10% used [0x00000000a0000000,0x00000000a11ef5e0,0x00000000aa580000)
 Metaspace       used 34750K, capacity 35508K, committed 35748K, reserved 1081344K
  class space    used 4750K, capacity 4937K, committed 4992K, reserved 1048576K
}
Event: 5.081 GC heap before
{Heap before GC invocations=10 (full 2):
 PSYoungGen      total 111616K, used 97792K [0x00000000e0000000, 0x00000000ebe00000, 0x0000000100000000)
  eden space 97792K, 100% used [0x00000000e0000000,0x00000000e5f80000,0x00000000e5f80000)
  from space 13824K, 0% used [0x00000000e5f80000,0x00000000e5f80000,0x00000000e6d00000)
  to   space 14336K, 0% used [0x00000000eb000000,0x00000000eb000000,0x00000000ebe00000)
 ParOldGen       total 169472K, used 18365K [0x00000000a0000000, 0x00000000aa580000, 0x00000000e0000000)
  object space 169472K, 10% used [0x00000000a0000000,0x00000000a11ef5e0,0x00000000aa580000)
 Metaspace       used 44884K, capacity 45872K, committed 46168K, reserved 1089536K
  class space    used 5999K, capacity 6212K, committed 6272K, reserved 1048576K
Event: 5.089 GC heap after
Heap after GC invocations=10 (full 2):
 PSYoungGen      total 154112K, used 12842K [0x00000000e0000000, 0x00000000ebd00000, 0x0000000100000000)
  eden space 140800K, 0% used [0x00000000e0000000,0x00000000e0000000,0x00000000e8980000)
  from space 13312K, 96% used [0x00000000eb000000,0x00000000ebc8a810,0x00000000ebd00000)
  to   space 15360K, 0% used [0x00000000e9f00000,0x00000000e9f00000,0x00000000eae00000)
 ParOldGen       total 169472K, used 18373K [0x00000000a0000000, 0x00000000aa580000, 0x00000000e0000000)
  object space 169472K, 10% used [0x00000000a0000000,0x00000000a11f15e0,0x00000000aa580000)
 Metaspace       used 44884K, capacity 45872K, committed 46168K, reserved 1089536K
  class space    used 5999K, capacity 6212K, committed 6272K, reserved 1048576K
}
Event: 5.956 GC heap before
{Heap before GC invocations=11 (full 2):
 PSYoungGen      total 154112K, used 153642K [0x00000000e0000000, 0x00000000ebd00000, 0x0000000100000000)
  eden space 140800K, 100% used [0x00000000e0000000,0x00000000e8980000,0x00000000e8980000)
  from space 13312K, 96% used [0x00000000eb000000,0x00000000ebc8a810,0x00000000ebd00000)
  to   space 15360K, 0% used [0x00000000e9f00000,0x00000000e9f00000,0x00000000eae00000)
 ParOldGen       total 169472K, used 18373K [0x00000000a0000000, 0x00000000aa580000, 0x00000000e0000000)
  object space 169472K, 10% used [0x00000000a0000000,0x00000000a11f15e0,0x00000000aa580000)
 Metaspace       used 51675K, capacity 53050K, committed 53208K, reserved 1095680K
  class space    used 7003K, capacity 7368K, committed 7424K, reserved 1048576K
Event: 5.966 GC heap after
Heap after GC invocations=11 (full 2):
 PSYoungGen      total 178176K, used 15356K [0x00000000e0000000, 0x00000000ed000000, 0x0000000100000000)
  eden space 162816K, 0% used [0x00000000e0000000,0x00000000e0000000,0x00000000e9f00000)
  from space 15360K, 99% used [0x00000000e9f00000,0x00000000eadff3c0,0x00000000eae00000)
  to   space 18432K, 0% used [0x00000000ebe00000,0x00000000ebe00000,0x00000000ed000000)
 ParOldGen       total 169472K, used 22107K [0x00000000a0000000, 0x00000000aa580000, 0x00000000e0000000)
  object space 169472K, 13% used [0x00000000a0000000,0x00000000a1596ea0,0x00000000aa580000)
 Metaspace       used 51675K, capacity 53050K, committed 53208K, reserved 1095680K
  class space    used 7003K, capacity 7368K, committed 7424K, reserved 1048576K
}
Event: 6.589 GC heap before
{Heap before GC invocations=12 (full 2):
 PSYoungGen      total 178176K, used 95510K [0x00000000e0000000, 0x00000000ed000000, 0x0000000100000000)
  eden space 162816K, 49% used [0x00000000e0000000,0x00000000e4e46638,0x00000000e9f00000)
  from space 15360K, 99% used [0x00000000e9f00000,0x00000000eadff3c0,0x00000000eae00000)
  to   space 18432K, 0% used [0x00000000ebe00000,0x00000000ebe00000,0x00000000ed000000)
 ParOldGen       total 169472K, used 22107K [0x00000000a0000000, 0x00000000aa580000, 0x00000000e0000000)
  object space 169472K, 13% used [0x00000000a0000000,0x00000000a1596ea0,0x00000000aa580000)
 Metaspace       used 57851K, capacity 59450K, committed 59580K, reserved 1101824K
  class space    used 7848K, capacity 8246K, committed 8320K, reserved 1048576K
Event: 6.601 GC heap after
Heap after GC invocations=12 (full 2):
 PSYoungGen      total 191488K, used 18430K [0x00000000e0000000, 0x00000000ef200000, 0x0000000100000000)
  eden space 173056K, 0% used [0x00000000e0000000,0x00000000e0000000,0x00000000ea900000)
  from space 18432K, 99% used [0x00000000ebe00000,0x00000000ecfffb98,0x00000000ed000000)
  to   space 21504K, 0% used [0x00000000ea900000,0x00000000ea900000,0x00000000ebe00000)
 ParOldGen       total 169472K, used 25494K [0x00000000a0000000, 0x00000000aa580000, 0x00000000e0000000)
  object space 169472K, 15% used [0x00000000a0000000,0x00000000a18e5a68,0x00000000aa580000)
 Metaspace       used 57851K, capacity 59450K, committed 59580K, reserved 1101824K
  class space    used 7848K, capacity 8246K, committed 8320K, reserved 1048576K
}
Event: 6.601 GC heap before
{Heap before GC invocations=13 (full 3):
 PSYoungGen      total 191488K, used 18430K [0x00000000e0000000, 0x00000000ef200000, 0x0000000100000000)
  eden space 173056K, 0% used [0x00000000e0000000,0x00000000e0000000,0x00000000ea900000)
  from space 18432K, 99% used [0x00000000ebe00000,0x00000000ecfffb98,0x00000000ed000000)
  to   space 21504K, 0% used [0x00000000ea900000,0x00000000ea900000,0x00000000ebe00000)
 ParOldGen       total 169472K, used 25494K [0x00000000a0000000, 0x00000000aa580000, 0x00000000e0000000)
  object space 169472K, 15% used [0x00000000a0000000,0x00000000a18e5a68,0x00000000aa580000)
 Metaspace       used 57851K, capacity 59450K, committed 59580K, reserved 1101824K
  class space    used 7848K, capacity 8246K, committed 8320K, reserved 1048576K
Event: 6.785 GC heap after
Heap after GC invocations=13 (full 3):
 PSYoungGen      total 191488K, used 0K [0x00000000e0000000, 0x00000000ef200000, 0x0000000100000000)
  eden space 173056K, 0% used [0x00000000e0000000,0x00000000e0000000,0x00000000ea900000)
  from space 18432K, 0% used [0x00000000ebe00000,0x00000000ebe00000,0x00000000ed000000)
  to   space 21504K, 0% used [0x00000000ea900000,0x00000000ea900000,0x00000000ebe00000)
 ParOldGen       total 255488K, used 38928K [0x00000000a0000000, 0x00000000af980000, 0x00000000e0000000)
  object space 255488K, 15% used [0x00000000a0000000,0x00000000a2604330,0x00000000af980000)
 Metaspace       used 57851K, capacity 59450K, committed 59580K, reserved 1101824K
  class space    used 7848K, capacity 8246K, committed 8320K, reserved 1048576K
}

