# JRE version: OpenJDK Runtime Environment (8.0_202-b03) (build 1.8.0_202-release-1483-b03)
# Java VM: OpenJDK 64-Bit Server VM (25.202-b03 mixed mode windows-amd64 compressed oops)
Heap:
 PSYoungGen      total 171520K, used 76111K [0x00000000e0000000, 0x00000000ecc00000, 0x0000000100000000)
  eden space 147968K, 51% used [0x00000000e0000000,0x00000000e4a53d78,0x00000000e9080000)
  from space 23552K, 0% used [0x00000000ea880000,0x00000000ea880000,0x00000000ebf80000)
  to   space 24576K, 0% used [0x00000000e9080000,0x00000000e9080000,0x00000000ea880000)
 ParOldGen       total 273408K, used 36498K [0x00000000a0000000, 0x00000000b0b00000, 0x00000000e0000000)
  object space 273408K, 13% used [0x00000000a0000000,0x00000000a23a48c0,0x00000000b0b00000)
 Metaspace       used 60571K, capacity 62504K, committed 62744K, reserved 1103872K
  class space    used 8309K, capacity 8734K, committed 8744K, reserved 1048576K
GC Heap History (10 events):
Event: 4.878 GC heap before
{Heap before GC invocations=9 (full 2):
 PSYoungGen      total 108032K, used 94720K [0x00000000e0000000, 0x00000000e7d80000, 0x0000000100000000)
  eden space 94720K, 100% used [0x00000000e0000000,0x00000000e5c80000,0x00000000e5c80000)
  from space 13312K, 0% used [0x00000000e6a00000,0x00000000e6a00000,0x00000000e7700000)
  to   space 13824K, 0% used [0x00000000e5c80000,0x00000000e5c80000,0x00000000e6a00000)
 ParOldGen       total 190976K, used 18539K [0x00000000a0000000, 0x00000000aba80000, 0x00000000e0000000)
  object space 190976K, 9% used [0x00000000a0000000,0x00000000a121afc8,0x00000000aba80000)
 Metaspace       used 43581K, capacity 44786K, committed 44968K, reserved 1087488K
  class space    used 5909K, capacity 6209K, committed 6312K, reserved 1048576K
Event: 4.886 GC heap after
Heap after GC invocations=9 (full 2):
 PSYoungGen      total 108544K, used 13790K [0x00000000e0000000, 0x00000000e9800000, 0x0000000100000000)
  eden space 94720K, 0% used [0x00000000e0000000,0x00000000e0000000,0x00000000e5c80000)
  from space 13824K, 99% used [0x00000000e5c80000,0x00000000e69f79f0,0x00000000e6a00000)
  to   space 15360K, 0% used [0x00000000e8900000,0x00000000e8900000,0x00000000e9800000)
 ParOldGen       total 190976K, used 18547K [0x00000000a0000000, 0x00000000aba80000, 0x00000000e0000000)
  object space 190976K, 9% used [0x00000000a0000000,0x00000000a121cfc8,0x00000000aba80000)
 Metaspace       used 43581K, capacity 44786K, committed 44968K, reserved 1087488K
  class space    used 5909K, capacity 6209K, committed 6312K, reserved 1048576K
}
Event: 5.472 GC heap before
{Heap before GC invocations=10 (full 2):
 PSYoungGen      total 108544K, used 108510K [0x00000000e0000000, 0x00000000e9800000, 0x0000000100000000)
  eden space 94720K, 100% used [0x00000000e0000000,0x00000000e5c80000,0x00000000e5c80000)
  from space 13824K, 99% used [0x00000000e5c80000,0x00000000e69f79f0,0x00000000e6a00000)
  to   space 15360K, 0% used [0x00000000e8900000,0x00000000e8900000,0x00000000e9800000)
 ParOldGen       total 190976K, used 18547K [0x00000000a0000000, 0x00000000aba80000, 0x00000000e0000000)
  object space 190976K, 9% used [0x00000000a0000000,0x00000000a121cfc8,0x00000000aba80000)
 Metaspace       used 48131K, capacity 49560K, committed 49704K, reserved 1091584K
  class space    used 6518K, capacity 6869K, committed 6952K, reserved 1048576K
Event: 5.484 GC heap after
Heap after GC invocations=10 (full 2):
 PSYoungGen      total 137728K, used 15350K [0x00000000e0000000, 0x00000000ea080000, 0x0000000100000000)
  eden space 122368K, 0% used [0x00000000e0000000,0x00000000e0000000,0x00000000e7780000)
  from space 15360K, 99% used [0x00000000e8900000,0x00000000e97fd880,0x00000000e9800000)
  to   space 17920K, 0% used [0x00000000e7780000,0x00000000e7780000,0x00000000e8900000)
 ParOldGen       total 190976K, used 21199K [0x00000000a0000000, 0x00000000aba80000, 0x00000000e0000000)
  object space 190976K, 11% used [0x00000000a0000000,0x00000000a14b3df0,0x00000000aba80000)
 Metaspace       used 48131K, capacity 49560K, committed 49704K, reserved 1091584K
  class space    used 6518K, capacity 6869K, committed 6952K, reserved 1048576K
}
Event: 6.311 GC heap before
{Heap before GC invocations=11 (full 2):
 PSYoungGen      total 137728K, used 137718K [0x00000000e0000000, 0x00000000ea080000, 0x0000000100000000)
  eden space 122368K, 100% used [0x00000000e0000000,0x00000000e7780000,0x00000000e7780000)
  from space 15360K, 99% used [0x00000000e8900000,0x00000000e97fd880,0x00000000e9800000)
  to   space 17920K, 0% used [0x00000000e7780000,0x00000000e7780000,0x00000000e8900000)
 ParOldGen       total 190976K, used 21199K [0x00000000a0000000, 0x00000000aba80000, 0x00000000e0000000)
  object space 190976K, 11% used [0x00000000a0000000,0x00000000a14b3df0,0x00000000aba80000)
 Metaspace       used 55767K, capacity 57514K, committed 57768K, reserved 1099776K
  class space    used 7611K, capacity 8006K, committed 8104K, reserved 1048576K
Event: 6.324 GC heap after
Heap after GC invocations=11 (full 2):
 PSYoungGen      total 140288K, used 17892K [0x00000000e0000000, 0x00000000ebf80000, 0x0000000100000000)
  eden space 122368K, 0% used [0x00000000e0000000,0x00000000e0000000,0x00000000e7780000)
  from space 17920K, 99% used [0x00000000e7780000,0x00000000e88f9320,0x00000000e8900000)
  to   space 23552K, 0% used [0x00000000ea880000,0x00000000ea880000,0x00000000ebf80000)
 ParOldGen       total 190976K, used 29020K [0x00000000a0000000, 0x00000000aba80000, 0x00000000e0000000)
  object space 190976K, 15% used [0x00000000a0000000,0x00000000a1c571b8,0x00000000aba80000)
 Metaspace       used 55767K, capacity 57514K, committed 57768K, reserved 1099776K
  class space    used 7611K, capacity 8006K, committed 8104K, reserved 1048576K
}
Event: 6.455 GC heap before
{Heap before GC invocations=12 (full 2):
 PSYoungGen      total 140288K, used 30791K [0x00000000e0000000, 0x00000000ebf80000, 0x0000000100000000)
  eden space 122368K, 10% used [0x00000000e0000000,0x00000000e0c98c98,0x00000000e7780000)
  from space 17920K, 99% used [0x00000000e7780000,0x00000000e88f9320,0x00000000e8900000)
  to   space 23552K, 0% used [0x00000000ea880000,0x00000000ea880000,0x00000000ebf80000)
 ParOldGen       total 190976K, used 29020K [0x00000000a0000000, 0x00000000aba80000, 0x00000000e0000000)
  object space 190976K, 15% used [0x00000000a0000000,0x00000000a1c571b8,0x00000000aba80000)
 Metaspace       used 57252K, capacity 59058K, committed 59160K, reserved 1099776K
  class space    used 7767K, capacity 8192K, committed 8232K, reserved 1048576K
Event: 6.464 GC heap after
Heap after GC invocations=12 (full 2):
 PSYoungGen      total 171520K, used 19264K [0x00000000e0000000, 0x00000000ecc00000, 0x0000000100000000)
  eden space 147968K, 0% used [0x00000000e0000000,0x00000000e0000000,0x00000000e9080000)
  from space 23552K, 81% used [0x00000000ea880000,0x00000000ebb50398,0x00000000ebf80000)
  to   space 24576K, 0% used [0x00000000e9080000,0x00000000e9080000,0x00000000ea880000)
 ParOldGen       total 190976K, used 29092K [0x00000000a0000000, 0x00000000aba80000, 0x00000000e0000000)
  object space 190976K, 15% used [0x00000000a0000000,0x00000000a1c691c8,0x00000000aba80000)
 Metaspace       used 57252K, capacity 59058K, committed 59160K, reserved 1099776K
  class space    used 7767K, capacity 8192K, committed 8232K, reserved 1048576K
}
Event: 6.464 GC heap before
{Heap before GC invocations=13 (full 3):
 PSYoungGen      total 171520K, used 19264K [0x00000000e0000000, 0x00000000ecc00000, 0x0000000100000000)
  eden space 147968K, 0% used [0x00000000e0000000,0x00000000e0000000,0x00000000e9080000)
  from space 23552K, 81% used [0x00000000ea880000,0x00000000ebb50398,0x00000000ebf80000)
  to   space 24576K, 0% used [0x00000000e9080000,0x00000000e9080000,0x00000000ea880000)
 ParOldGen       total 190976K, used 29092K [0x00000000a0000000, 0x00000000aba80000, 0x00000000e0000000)
  object space 190976K, 15% used [0x00000000a0000000,0x00000000a1c691c8,0x00000000aba80000)
 Metaspace       used 57252K, capacity 59058K, committed 59160K, reserved 1099776K
  class space    used 7767K, capacity 8192K, committed 8232K, reserved 1048576K
Event: 6.645 GC heap after
Heap after GC invocations=13 (full 3):
 PSYoungGen      total 171520K, used 0K [0x00000000e0000000, 0x00000000ecc00000, 0x0000000100000000)
  eden space 147968K, 0% used [0x00000000e0000000,0x00000000e0000000,0x00000000e9080000)
  from space 23552K, 0% used [0x00000000ea880000,0x00000000ea880000,0x00000000ebf80000)
  to   space 24576K, 0% used [0x00000000e9080000,0x00000000e9080000,0x00000000ea880000)
 ParOldGen       total 273408K, used 36498K [0x00000000a0000000, 0x00000000b0b00000, 0x00000000e0000000)
  object space 273408K, 13% used [0x00000000a0000000,0x00000000a23a48c0,0x00000000b0b00000)
 Metaspace       used 57226K, capacity 58974K, committed 59160K, reserved 1099776K
  class space    used 7759K, capacity 8178K, committed 8232K, reserved 1048576K
}

